0 info it worked if it ends with ok
1 verbose cli [ '/usr/local/bin/node', '/usr/local/bin/npm', 'run', 'build' ]
2 info using npm@2.14.20
3 info using node@v4.4.0
4 verbose run-script [ 'prebuild', 'build', 'postbuild' ]
5 info prebuild 04-modulos@1.0.0
6 info build 04-modulos@1.0.0
7 verbose unsafe-perm in lifecycle true
8 info 04-modulos@1.0.0 Failed to exec build script
9 verbose stack Error: 04-modulos@1.0.0 build: `webpack --progress --watch`
9 verbose stack Exit status 1
9 verbose stack     at EventEmitter.<anonymous> (/usr/local/lib/node_modules/npm/lib/utils/lifecycle.js:214:16)
9 verbose stack     at emitTwo (events.js:87:13)
9 verbose stack     at EventEmitter.emit (events.js:172:7)
9 verbose stack     at ChildProcess.<anonymous> (/usr/local/lib/node_modules/npm/lib/utils/spawn.js:24:14)
9 verbose stack     at emitTwo (events.js:87:13)
9 verbose stack     at ChildProcess.emit (events.js:172:7)
9 verbose stack     at maybeClose (internal/child_process.js:827:16)
9 verbose stack     at Process.ChildProcess._handle.onexit (internal/child_process.js:211:5)
10 verbose pkgid 04-modulos@1.0.0
11 verbose cwd /Users/alumno/Desktop/javascript_group10/Clase07/04-modulos
12 error Darwin 15.0.0
13 error argv "/usr/local/bin/node" "/usr/local/bin/npm" "run" "build"
14 error node v4.4.0
15 error npm  v2.14.20
16 error code ELIFECYCLE
17 error 04-modulos@1.0.0 build: `webpack --progress --watch`
17 error Exit status 1
18 error Failed at the 04-modulos@1.0.0 build script 'webpack --progress --watch'.
18 error This is most likely a problem with the 04-modulos package,
18 error not with npm itself.
18 error Tell the author that this fails on your system:
18 error     webpack --progress --watch
18 error You can get information on how to open an issue for this project with:
18 error     npm bugs 04-modulos
18 error Or if that isn't available, you can get their info via:
18 error
18 error     npm owner ls 04-modulos
18 error There is likely additional logging output above.
19 verbose exit [ 1, true ]
